Logfile initialized
[INFO] logfile = /Users/jpl/src/Titanium Studio Workspace/FishingLog/build.log
[DEBUG] /Users/jpl/Library/Application Support/Titanium/mobilesdk/osx/2.0.2.GA/android/builder.py simulator FishingLog /Applications/android-sdk-macosx /Users/jpl/src/Titanium Studio Workspace/FishingLog com.macadamian.fishinglog 3 HVGA 
[INFO] Building FishingLog for Android ... one moment
[INFO] Titanium SDK version: 2.0.2 (05/30/12 10:21 2ff31a3)
[DEBUG] Waiting for device to be ready ...
[TRACE] adb devices returned 1 devices/emulators
[TRACE] adb devices returned 1 devices/emulators
[TRACE] adb devices returned 1 devices/emulators
[TRACE] adb devices returned 1 devices/emulators
[TRACE] adb devices returned 1 devices/emulators
[TRACE] adb devices returned 1 devices/emulators
[DEBUG] Device connected... (waited 25 seconds)
[DEBUG] waited 25.099671 seconds on emulator to get ready
[INFO] Waiting for the Android Emulator to become available
[DEBUG] com.macadamian.fishinglog installed? True
[INFO] Fastdev server running, deploying in Fastdev mode
[INFO] Copying CommonJS modules...
[INFO] Copying project resources..
[INFO] Detected change in tiapp.xml, or assets deleted. Forcing full re-build...
[TRACE] COPYING CREATED FILE: /Users/jpl/src/Titanium Studio Workspace/FishingLog/Resources/android/appicon.png => /Users/jpl/src/Titanium Studio Workspace/FishingLog/build/android/bin/assets/Resources/appicon.png
[TRACE] COPYING CREATED FILE: /Users/jpl/src/Titanium Studio Workspace/FishingLog/Resources/android/default.png => /Users/jpl/src/Titanium Studio Workspace/FishingLog/build/android/bin/assets/Resources/default.png
[TRACE] COPYING CREATED FILE: /Users/jpl/src/Titanium Studio Workspace/FishingLog/Resources/android/largemouth_bass-600.jpg => /Users/jpl/src/Titanium Studio Workspace/FishingLog/build/android/bin/assets/Resources/largemouth_bass-600.jpg
[TRACE] COPYING CREATED FILE: /Users/jpl/src/Titanium Studio Workspace/FishingLog/Resources/app.js => /Users/jpl/src/Titanium Studio Workspace/FishingLog/build/android/bin/assets/Resources/app.js
[TRACE] COPYING CREATED FILE: /Users/jpl/src/Titanium Studio Workspace/FishingLog/Resources/images/KS_nav_ui.png => /Users/jpl/src/Titanium Studio Workspace/FishingLog/build/android/bin/assets/Resources/images/KS_nav_ui.png
[TRACE] COPYING CREATED FILE: /Users/jpl/src/Titanium Studio Workspace/FishingLog/Resources/images/KS_nav_views.png => /Users/jpl/src/Titanium Studio Workspace/FishingLog/build/android/bin/assets/Resources/images/KS_nav_views.png
[TRACE] COPYING CREATED FILE: /Users/jpl/src/Titanium Studio Workspace/FishingLog/Resources/KS_nav_ui.png => /Users/jpl/src/Titanium Studio Workspace/FishingLog/build/android/bin/assets/Resources/KS_nav_ui.png
[TRACE] COPYING CREATED FILE: /Users/jpl/src/Titanium Studio Workspace/FishingLog/Resources/KS_nav_views.png => /Users/jpl/src/Titanium Studio Workspace/FishingLog/build/android/bin/assets/Resources/KS_nav_views.png
[TRACE] COPYING CREATED FILE: /Users/jpl/src/Titanium Studio Workspace/FishingLog/Resources/ui/common/ApplicationTabGroup.js => /Users/jpl/src/Titanium Studio Workspace/FishingLog/build/android/bin/assets/Resources/ui/common/ApplicationTabGroup.js
[TRACE] COPYING CREATED FILE: /Users/jpl/src/Titanium Studio Workspace/FishingLog/Resources/ui/handheld/ApplicationWindow.js => /Users/jpl/src/Titanium Studio Workspace/FishingLog/build/android/bin/assets/Resources/ui/handheld/ApplicationWindow.js
[TRACE] COPYING CREATED FILE: /Users/jpl/src/Titanium Studio Workspace/FishingLog/Resources/ui/tablet/ApplicationWindow.js => /Users/jpl/src/Titanium Studio Workspace/FishingLog/build/android/bin/assets/Resources/ui/tablet/ApplicationWindow.js
[TRACE] Generating Java Classes
[DEBUG] Processing Android resource drawables
[TRACE] COPYING FILE: /Users/jpl/src/Titanium Studio Workspace/FishingLog/Resources/android/images/res-long-land-hdpi/default.png => /Users/jpl/src/Titanium Studio Workspace/FishingLog/build/android/res/drawable-long-land-hdpi/default_d44e27d97b.png
[TRACE] COPYING FILE: /Users/jpl/src/Titanium Studio Workspace/FishingLog/Resources/android/images/res-long-land-ldpi/default.png => /Users/jpl/src/Titanium Studio Workspace/FishingLog/build/android/res/drawable-long-land-ldpi/default_d44e27d97b.png
[TRACE] COPYING FILE: /Users/jpl/src/Titanium Studio Workspace/FishingLog/Resources/android/images/res-long-port-hdpi/default.png => /Users/jpl/src/Titanium Studio Workspace/FishingLog/build/android/res/drawable-long-port-hdpi/default_d44e27d97b.png
[TRACE] COPYING FILE: /Users/jpl/src/Titanium Studio Workspace/FishingLog/Resources/android/images/res-long-port-ldpi/default.png => /Users/jpl/src/Titanium Studio Workspace/FishingLog/build/android/res/drawable-long-port-ldpi/default_d44e27d97b.png
[TRACE] COPYING FILE: /Users/jpl/src/Titanium Studio Workspace/FishingLog/Resources/android/images/res-notlong-land-hdpi/default.png => /Users/jpl/src/Titanium Studio Workspace/FishingLog/build/android/res/drawable-notlong-land-hdpi/default_d44e27d97b.png
[TRACE] COPYING FILE: /Users/jpl/src/Titanium Studio Workspace/FishingLog/Resources/android/images/res-notlong-land-ldpi/default.png => /Users/jpl/src/Titanium Studio Workspace/FishingLog/build/android/res/drawable-notlong-land-ldpi/default_d44e27d97b.png
[TRACE] COPYING FILE: /Users/jpl/src/Titanium Studio Workspace/FishingLog/Resources/android/images/res-notlong-land-mdpi/default.png => /Users/jpl/src/Titanium Studio Workspace/FishingLog/build/android/res/drawable-notlong-land-mdpi/default_d44e27d97b.png
[TRACE] COPYING FILE: /Users/jpl/src/Titanium Studio Workspace/FishingLog/Resources/android/images/res-notlong-port-hdpi/default.png => /Users/jpl/src/Titanium Studio Workspace/FishingLog/build/android/res/drawable-notlong-port-hdpi/default_d44e27d97b.png
[TRACE] COPYING FILE: /Users/jpl/src/Titanium Studio Workspace/FishingLog/Resources/android/images/res-notlong-port-ldpi/default.png => /Users/jpl/src/Titanium Studio Workspace/FishingLog/build/android/res/drawable-notlong-port-ldpi/default_d44e27d97b.png
[TRACE] COPYING FILE: /Users/jpl/src/Titanium Studio Workspace/FishingLog/Resources/android/images/res-notlong-port-mdpi/default.png => /Users/jpl/src/Titanium Studio Workspace/FishingLog/build/android/res/drawable-notlong-port-mdpi/default_d44e27d97b.png
[DEBUG] app stylesheet => /Users/jpl/src/Titanium Studio Workspace/FishingLog/build/android/gen/com/macadamian/fishinglog/ApplicationStylesheet.java
[DEBUG] copying app icon: /Users/jpl/src/Titanium Studio Workspace/FishingLog/build/android/bin/assets/Resources/largemouth_bass-600.jpg
[DEBUG] generating theme.xml
[DEBUG] found drawable-long-land-hdpi splash screen at /Users/jpl/src/Titanium Studio Workspace/FishingLog/Resources/android/images/res-long-land-hdpi/default.png
[DEBUG] copying /Users/jpl/src/Titanium Studio Workspace/FishingLog/Resources/android/images/res-long-land-hdpi/default.png splash screen to /Users/jpl/src/Titanium Studio Workspace/FishingLog/build/android/res/drawable-long-land-hdpi/background.png
[DEBUG] found drawable-long-land-ldpi splash screen at /Users/jpl/src/Titanium Studio Workspace/FishingLog/Resources/android/images/res-long-land-ldpi/default.png
[DEBUG] copying /Users/jpl/src/Titanium Studio Workspace/FishingLog/Resources/android/images/res-long-land-ldpi/default.png splash screen to /Users/jpl/src/Titanium Studio Workspace/FishingLog/build/android/res/drawable-long-land-ldpi/background.png
[DEBUG] found drawable-long-port-hdpi splash screen at /Users/jpl/src/Titanium Studio Workspace/FishingLog/Resources/android/images/res-long-port-hdpi/default.png
[DEBUG] copying /Users/jpl/src/Titanium Studio Workspace/FishingLog/Resources/android/images/res-long-port-hdpi/default.png splash screen to /Users/jpl/src/Titanium Studio Workspace/FishingLog/build/android/res/drawable-long-port-hdpi/background.png
[DEBUG] found drawable-long-port-ldpi splash screen at /Users/jpl/src/Titanium Studio Workspace/FishingLog/Resources/android/images/res-long-port-ldpi/default.png
[DEBUG] copying /Users/jpl/src/Titanium Studio Workspace/FishingLog/Resources/android/images/res-long-port-ldpi/default.png splash screen to /Users/jpl/src/Titanium Studio Workspace/FishingLog/build/android/res/drawable-long-port-ldpi/background.png
[DEBUG] found drawable-notlong-land-hdpi splash screen at /Users/jpl/src/Titanium Studio Workspace/FishingLog/Resources/android/images/res-notlong-land-hdpi/default.png
[DEBUG] copying /Users/jpl/src/Titanium Studio Workspace/FishingLog/Resources/android/images/res-notlong-land-hdpi/default.png splash screen to /Users/jpl/src/Titanium Studio Workspace/FishingLog/build/android/res/drawable-notlong-land-hdpi/background.png
[DEBUG] found drawable-notlong-land-ldpi splash screen at /Users/jpl/src/Titanium Studio Workspace/FishingLog/Resources/android/images/res-notlong-land-ldpi/default.png
[DEBUG] copying /Users/jpl/src/Titanium Studio Workspace/FishingLog/Resources/android/images/res-notlong-land-ldpi/default.png splash screen to /Users/jpl/src/Titanium Studio Workspace/FishingLog/build/android/res/drawable-notlong-land-ldpi/background.png
[DEBUG] found drawable-notlong-land-mdpi splash screen at /Users/jpl/src/Titanium Studio Workspace/FishingLog/Resources/android/images/res-notlong-land-mdpi/default.png
[DEBUG] copying /Users/jpl/src/Titanium Studio Workspace/FishingLog/Resources/android/images/res-notlong-land-mdpi/default.png splash screen to /Users/jpl/src/Titanium Studio Workspace/FishingLog/build/android/res/drawable-notlong-land-mdpi/background.png
[DEBUG] found drawable-notlong-port-hdpi splash screen at /Users/jpl/src/Titanium Studio Workspace/FishingLog/Resources/android/images/res-notlong-port-hdpi/default.png
[DEBUG] copying /Users/jpl/src/Titanium Studio Workspace/FishingLog/Resources/android/images/res-notlong-port-hdpi/default.png splash screen to /Users/jpl/src/Titanium Studio Workspace/FishingLog/build/android/res/drawable-notlong-port-hdpi/background.png
[DEBUG] found drawable-notlong-port-ldpi splash screen at /Users/jpl/src/Titanium Studio Workspace/FishingLog/Resources/android/images/res-notlong-port-ldpi/default.png
[DEBUG] copying /Users/jpl/src/Titanium Studio Workspace/FishingLog/Resources/android/images/res-notlong-port-ldpi/default.png splash screen to /Users/jpl/src/Titanium Studio Workspace/FishingLog/build/android/res/drawable-notlong-port-ldpi/background.png
[DEBUG] found drawable-notlong-port-mdpi splash screen at /Users/jpl/src/Titanium Studio Workspace/FishingLog/Resources/android/images/res-notlong-port-mdpi/default.png
[DEBUG] copying /Users/jpl/src/Titanium Studio Workspace/FishingLog/Resources/android/images/res-notlong-port-mdpi/default.png splash screen to /Users/jpl/src/Titanium Studio Workspace/FishingLog/build/android/res/drawable-notlong-port-mdpi/background.png
[DEBUG] found splash screen at /Users/jpl/src/Titanium Studio Workspace/FishingLog/build/android/bin/assets/Resources/default.png
[TRACE] Writing out AndroidManifest.xml
[DEBUG] adding /Users/jpl/src/Titanium Studio Workspace/FishingLog/build/android/gen/com/macadamian/fishinglog/ApplicationStylesheet.java to javac build list
[DEBUG] adding /Users/jpl/src/Titanium Studio Workspace/FishingLog/build/android/gen/com/macadamian/fishinglog/FishinglogActivity.java to javac build list
[DEBUG] adding /Users/jpl/src/Titanium Studio Workspace/FishingLog/build/android/gen/com/macadamian/fishinglog/FishinglogAppInfo.java to javac build list
[DEBUG] adding /Users/jpl/src/Titanium Studio Workspace/FishingLog/build/android/gen/com/macadamian/fishinglog/FishinglogApplication.java to javac build list
[DEBUG] adding /Users/jpl/src/Titanium Studio Workspace/FishingLog/build/android/gen/com/macadamian/fishinglog/R.java to javac build list
[DEBUG] Building Java Sources: "/Users/jpl/src/Titanium Studio Workspace/FishingLog/build/android/gen/com/macadamian/fishinglog/ApplicationStylesheet.java" "/Users/jpl/src/Titanium Studio Workspace/FishingLog/build/android/gen/com/macadamian/fishinglog/FishinglogActivity.java" "/Users/jpl/src/Titanium Studio Workspace/FishingLog/build/android/gen/com/macadamian/fishinglog/FishinglogAppInfo.java" "/Users/jpl/src/Titanium Studio Workspace/FishingLog/build/android/gen/com/macadamian/fishinglog/FishinglogApplication.java" "/Users/jpl/src/Titanium Studio Workspace/FishingLog/build/android/gen/com/macadamian/fishinglog/R.java"
[INFO] Waiting for SDCard to become available..
[INFO] Compiling Android Resources... This could take some time
[DEBUG] Android classes.dex built
[DEBUG] creating unsigned apk: /Users/jpl/src/Titanium Studio Workspace/FishingLog/build/android/bin/app-unsigned.apk
[DEBUG] from resource zip => assets/Resources/images/KS_nav_ui.png
[DEBUG] from resource zip => assets/Resources/images/KS_nav_views.png
[DEBUG] from resource zip => assets/Resources/ui/common/ApplicationTabGroup.js
[DEBUG] from resource zip => assets/Resources/ui/handheld/ApplicationWindow.js
[DEBUG] from resource zip => assets/Resources/ui/tablet/ApplicationWindow.js
[DEBUG] from resource zip => assets/Resources/KS_nav_ui.png
[DEBUG] from resource zip => assets/Resources/KS_nav_views.png
[DEBUG] from resource zip => assets/Resources/app.js
[DEBUG] from resource zip => assets/Resources/appicon.png
[DEBUG] from resource zip => assets/Resources/default.png
[DEBUG] from resource zip => assets/Resources/largemouth_bass-600.jpg
[DEBUG] from resource zip => assets/Resources/ti.cloud.js
[DEBUG] from resource zip => assets/app.json
[DEBUG] from resource zip => assets/index.json
[DEBUG] from resource zip => assets/tiapp.xml
[DEBUG] from resource zip => res/drawable/appicon.jpg
[DEBUG] from resource zip => res/drawable/background.png
[DEBUG] from resource zip => res/drawable/close.png
[DEBUG] from resource zip => res/drawable/facebook_login.png
[DEBUG] from resource zip => res/drawable/facebook_login_down.png
[DEBUG] from resource zip => res/drawable/facebook_login_wide.png
[DEBUG] from resource zip => res/drawable/facebook_login_wide_down.png
[DEBUG] from resource zip => res/drawable/facebook_logout.png
[DEBUG] from resource zip => res/drawable/facebook_logout_down.png
[DEBUG] from resource zip => res/layout/titanium_tabgroup.xml
[DEBUG] from resource zip => AndroidManifest.xml
[DEBUG] from resource zip => resources.arsc
[DEBUG] from resource zip => res/drawable-hdpi/close.png
[DEBUG] from resource zip => res/drawable-ldpi/close.png
[DEBUG] from resource zip => res/drawable-long-land-hdpi/background.png
[DEBUG] from resource zip => res/drawable-long-land-hdpi/default_d44e27d97b.png
[DEBUG] from resource zip => res/drawable-long-land-ldpi/background.png
[DEBUG] from resource zip => res/drawable-long-land-ldpi/default_d44e27d97b.png
[DEBUG] from resource zip => res/drawable-long-port-hdpi/background.png
[DEBUG] from resource zip => res/drawable-long-port-hdpi/default_d44e27d97b.png
[DEBUG] from resource zip => res/drawable-long-port-ldpi/background.png
[DEBUG] from resource zip => res/drawable-long-port-ldpi/default_d44e27d97b.png
[DEBUG] from resource zip => res/drawable-notlong-land-hdpi/background.png
[DEBUG] from resource zip => res/drawable-notlong-land-hdpi/default_d44e27d97b.png
[DEBUG] from resource zip => res/drawable-notlong-land-ldpi/background.png
[DEBUG] from resource zip => res/drawable-notlong-land-ldpi/default_d44e27d97b.png
[DEBUG] from resource zip => res/drawable-notlong-land-mdpi/background.png
[DEBUG] from resource zip => res/drawable-notlong-land-mdpi/default_d44e27d97b.png
[DEBUG] from resource zip => res/drawable-notlong-port-hdpi/background.png
[DEBUG] from resource zip => res/drawable-notlong-port-hdpi/default_d44e27d97b.png
[DEBUG] from resource zip => res/drawable-notlong-port-ldpi/background.png
[DEBUG] from resource zip => res/drawable-notlong-port-ldpi/default_d44e27d97b.png
[DEBUG] from resource zip => res/drawable-notlong-port-mdpi/background.png
[DEBUG] from resource zip => res/drawable-notlong-port-mdpi/default_d44e27d97b.png
[DEBUG] from JAR /Users/jpl/Library/Application Support/Titanium/mobilesdk/osx/2.0.2.GA/android/modules/titanium-facebook.jar => ti/modules/titanium/facebook/LICENSE
[DEBUG] from JAR /Users/jpl/Library/Application Support/Titanium/mobilesdk/osx/2.0.2.GA/android/modules/titanium-ui.jar => ti/modules/titanium/ui/widget/webview/binding.js
[DEBUG] from JAR /Users/jpl/Library/Application Support/Titanium/mobilesdk/osx/2.0.2.GA/android/modules/titanium-ui.jar => ti/modules/titanium/ui/widget/webview/binding.min.js
[DEBUG] from JAR /Users/jpl/Library/Application Support/Titanium/mobilesdk/osx/2.0.2.GA/android/modules/titanium-ui.jar => ti/modules/titanium/ui/widget/webview/json2.js
[DEBUG] from JAR /Users/jpl/Library/Application Support/Titanium/mobilesdk/osx/2.0.2.GA/android/thirdparty.jar => org/apache/Commons-NOTICE.txt
[DEBUG] from JAR /Users/jpl/Library/Application Support/Titanium/mobilesdk/osx/2.0.2.GA/android/thirdparty.jar => org/apache/HttpComponents-NOTICE.txt
[DEBUG] from JAR /Users/jpl/Library/Application Support/Titanium/mobilesdk/osx/2.0.2.GA/android/thirdparty.jar => org/apache/mime4j-NOTICE.txt
[DEBUG] from JAR /Users/jpl/Library/Application Support/Titanium/mobilesdk/osx/2.0.2.GA/android/titanium.jar => org/appcelerator/titanium/build.properties
[DEBUG] from JAR /Users/jpl/Library/Application Support/Titanium/mobilesdk/osx/2.0.2.GA/android/titanium.jar => org/appcelerator/titanium/res/drawable/background.png
[DEBUG] from JAR /Users/jpl/Library/Application Support/Titanium/mobilesdk/osx/2.0.2.GA/android/titanium.jar => org/appcelerator/titanium/res/drawable/btn_check_buttonless_on.png
[DEBUG] from JAR /Users/jpl/Library/Application Support/Titanium/mobilesdk/osx/2.0.2.GA/android/titanium.jar => org/appcelerator/titanium/res/drawable/btn_check_buttonless_on_18.png
[DEBUG] from JAR /Users/jpl/Library/Application Support/Titanium/mobilesdk/osx/2.0.2.GA/android/titanium.jar => org/appcelerator/titanium/res/drawable/btn_check_buttonless_on_48.png
[DEBUG] from JAR /Users/jpl/Library/Application Support/Titanium/mobilesdk/osx/2.0.2.GA/android/titanium.jar => org/appcelerator/titanium/res/drawable/btn_more.png
[DEBUG] from JAR /Users/jpl/Library/Application Support/Titanium/mobilesdk/osx/2.0.2.GA/android/titanium.jar => org/appcelerator/titanium/res/drawable/btn_more_18.png
[DEBUG] from JAR /Users/jpl/Library/Application Support/Titanium/mobilesdk/osx/2.0.2.GA/android/titanium.jar => org/appcelerator/titanium/res/drawable/btn_more_48.png
[DEBUG] from JAR /Users/jpl/Library/Application Support/Titanium/mobilesdk/osx/2.0.2.GA/android/titanium.jar => org/appcelerator/titanium/res/drawable/btn_picker_normal.9.png
[DEBUG] from JAR /Users/jpl/Library/Application Support/Titanium/mobilesdk/osx/2.0.2.GA/android/titanium.jar => org/appcelerator/titanium/res/drawable/btn_picker_pressed.9.png
[DEBUG] from JAR /Users/jpl/Library/Application Support/Titanium/mobilesdk/osx/2.0.2.GA/android/titanium.jar => org/appcelerator/titanium/res/drawable/btn_picker_selected.9.png
[DEBUG] from JAR /Users/jpl/Library/Application Support/Titanium/mobilesdk/osx/2.0.2.GA/android/titanium.jar => org/appcelerator/titanium/res/drawable/default_icon.png
[DEBUG] from JAR /Users/jpl/Library/Application Support/Titanium/mobilesdk/osx/2.0.2.GA/android/titanium.jar => org/appcelerator/titanium/res/drawable/photoDefault.png
[DEBUG] installing native SDK libs
[DEBUG] Waiting for device to be ready ...
[TRACE] adb devices returned 1 devices/emulators
[DEBUG] Device connected... (waited 0 seconds)
[DEBUG] waited 0.014991 seconds on emulator to get ready
[INFO] Installing application on emulator
[ERROR] Failed installing com.macadamian.fishinglog: 	pkg: /data/local/tmp/app.apk
Failure [INSTALL_FAILED_MISSING_SHARED_LIBRARY]

